2021-05-26 15:52:52.252  INFO 14548 --- [main] vip.ph.vueapp.VueappApplication          : Starting VueappApplication on DESKTOP-JLD2L8F with PID 14548 (C:\Users\15085\Desktop\vueapp\target\classes started by 15085 in C:\Users\15085\Desktop\vueapp)
2021-05-26 15:52:52.264  INFO 14548 --- [main] vip.ph.vueapp.VueappApplication          : No active profile set, falling back to default profiles: default
2021-05-26 15:52:53.515  INFO 14548 --- [main] .s.d.r.c.RepositoryConfigurationDelegate : Multiple Spring Data modules found, entering strict repository configuration mode!
2021-05-26 15:52:53.521  INFO 14548 --- [main] .s.d.r.c.RepositoryConfigurationDelegate : Bootstrapping Spring Data Redis repositories in DEFAULT mode.
2021-05-26 15:52:53.586  INFO 14548 --- [main] .s.d.r.c.RepositoryConfigurationDelegate : Finished Spring Data repository scanning in 38ms. Found 0 Redis repository interfaces.
2021-05-26 15:52:54.450  INFO 14548 --- [main] o.s.b.w.embedded.tomcat.TomcatWebServer  : Tomcat initialized with port(s): 80 (http)
2021-05-26 15:52:54.462  INFO 14548 --- [main] o.apache.catalina.core.StandardService   : Starting service [Tomcat]
2021-05-26 15:52:54.463  INFO 14548 --- [main] org.apache.catalina.core.StandardEngine  : Starting Servlet engine: [Apache Tomcat/9.0.45]
2021-05-26 15:52:54.569  INFO 14548 --- [main] o.a.c.c.C.[Tomcat].[localhost].[/]       : Initializing Spring embedded WebApplicationContext
2021-05-26 15:52:54.569  INFO 14548 --- [main] w.s.c.ServletWebServerApplicationContext : Root WebApplicationContext: initialization completed in 2196 ms
2021-05-26 15:52:56.712  INFO 14548 --- [main] o.s.s.concurrent.ThreadPoolTaskExecutor  : Initializing ExecutorService 'applicationTaskExecutor'
2021-05-26 15:52:57.180  INFO 14548 --- [main] o.s.b.w.embedded.tomcat.TomcatWebServer  : Tomcat started on port(s): 80 (http) with context path ''
2021-05-26 15:52:57.445  INFO 14548 --- [main] vip.ph.vueapp.VueappApplication          : Started VueappApplication in 5.775 seconds (JVM running for 7.547)
2021-05-26 15:54:03.954  INFO 14548 --- [http-nio-80-exec-1] o.a.c.c.C.[Tomcat].[localhost].[/]       : Initializing Spring DispatcherServlet 'dispatcherServlet'
2021-05-26 15:54:03.954  INFO 14548 --- [http-nio-80-exec-1] o.s.web.servlet.DispatcherServlet        : Initializing Servlet 'dispatcherServlet'
2021-05-26 15:54:03.963  INFO 14548 --- [http-nio-80-exec-1] o.s.web.servlet.DispatcherServlet        : Completed initialization in 9 ms
2021-05-26 15:54:39.773  INFO 14548 --- [SpringContextShutdownHook] o.s.s.concurrent.ThreadPoolTaskExecutor  : Shutting down ExecutorService 'applicationTaskExecutor'
2021-05-26 15:54:43.599  INFO 8164 --- [main] vip.ph.vueapp.VueappApplication          : Starting VueappApplication on DESKTOP-JLD2L8F with PID 8164 (C:\Users\15085\Desktop\vueapp\target\classes started by 15085 in C:\Users\15085\Desktop\vueapp)
2021-05-26 15:54:43.602  INFO 8164 --- [main] vip.ph.vueapp.VueappApplication          : No active profile set, falling back to default profiles: default
2021-05-26 15:54:44.492  INFO 8164 --- [main] .s.d.r.c.RepositoryConfigurationDelegate : Multiple Spring Data modules found, entering strict repository configuration mode!
2021-05-26 15:54:44.495  INFO 8164 --- [main] .s.d.r.c.RepositoryConfigurationDelegate : Bootstrapping Spring Data Redis repositories in DEFAULT mode.
2021-05-26 15:54:44.527  INFO 8164 --- [main] .s.d.r.c.RepositoryConfigurationDelegate : Finished Spring Data repository scanning in 20ms. Found 0 Redis repository interfaces.
2021-05-26 15:54:45.223  INFO 8164 --- [main] o.s.b.w.embedded.tomcat.TomcatWebServer  : Tomcat initialized with port(s): 80 (http)
2021-05-26 15:54:45.231  INFO 8164 --- [main] o.apache.catalina.core.StandardService   : Starting service [Tomcat]
2021-05-26 15:54:45.232  INFO 8164 --- [main] org.apache.catalina.core.StandardEngine  : Starting Servlet engine: [Apache Tomcat/9.0.45]
2021-05-26 15:54:45.329  INFO 8164 --- [main] o.a.c.c.C.[Tomcat].[localhost].[/]       : Initializing Spring embedded WebApplicationContext
2021-05-26 15:54:45.329  INFO 8164 --- [main] w.s.c.ServletWebServerApplicationContext : Root WebApplicationContext: initialization completed in 1670 ms
2021-05-26 15:54:47.108  INFO 8164 --- [main] o.s.s.concurrent.ThreadPoolTaskExecutor  : Initializing ExecutorService 'applicationTaskExecutor'
2021-05-26 15:54:47.534  INFO 8164 --- [main] o.s.b.w.embedded.tomcat.TomcatWebServer  : Tomcat started on port(s): 80 (http) with context path ''
2021-05-26 15:54:47.815  INFO 8164 --- [main] vip.ph.vueapp.VueappApplication          : Started VueappApplication in 4.7 seconds (JVM running for 5.822)
2021-05-26 15:55:15.785  INFO 8164 --- [http-nio-80-exec-2] o.a.c.c.C.[Tomcat].[localhost].[/]       : Initializing Spring DispatcherServlet 'dispatcherServlet'
2021-05-26 15:55:15.786  INFO 8164 --- [http-nio-80-exec-2] o.s.web.servlet.DispatcherServlet        : Initializing Servlet 'dispatcherServlet'
2021-05-26 15:55:15.797  INFO 8164 --- [http-nio-80-exec-2] o.s.web.servlet.DispatcherServlet        : Completed initialization in 11 ms
